<?xml version="1.0" encoding="UTF-8"?>
<coverage generated="1685661002402" clover="3.2.0">
  <project timestamp="1685661002402" name="All files">
    <metrics statements="10" coveredstatements="8" conditionals="3" coveredconditionals="2" methods="2" coveredmethods="2" elements="15" coveredelements="12" complexity="0" loc="10" ncloc="10" packages="1" files="1" classes="1"/>
    <file name="practice.ts" path="/Users/harukafujii/Desktop/Test/src/practice.ts">
      <metrics statements="10" coveredstatements="8" conditionals="3" coveredconditionals="2" methods="2" coveredmethods="2"/>
      <line num="1" count="1" type="cond" truecount="1" falsecount="0"/>
      <line num="2" count="2" type="cond" truecount="0" falsecount="1"/>
      <line num="3" count="0" type="stmt"/>
      <line num="4" count="0" type="stmt"/>
      <line num="5" count="2" type="stmt"/>
      <line num="6" count="2" type="stmt"/>
      <line num="7" count="1" type="stmt"/>
      <line num="8" count="1" type="cond" truecount="1" falsecount="0"/>
      <line num="9" count="1" type="stmt"/>
      <line num="10" count="1" type="stmt"/>
    </file>
  </project>
</coverage>
