{"/Users/harukafujii/Desktop/Test/src/practice.ts": {"path":"/Users/harukafujii/Desktop/Test/src/practice.ts","all":false,"statementMap":{"0":{"start":{"line":1,"column":0},"end":{"line":1,"column":61}},"1":{"start":{"line":2,"column":0},"end":{"line":2,"column":23}},"2":{"start":{"line":3,"column":0},"end":{"line":3,"column":14}},"3":{"start":{"line":4,"column":0},"end":{"line":4,"column":3}},"4":{"start":{"line":5,"column":0},"end":{"line":5,"column":15}},"5":{"start":{"line":6,"column":0},"end":{"line":6,"column":1}},"6":{"start":{"line":7,"column":0},"end":{"line":7,"column":0}},"7":{"start":{"line":8,"column":0},"end":{"line":8,"column":67}},"8":{"start":{"line":9,"column":0},"end":{"line":9,"column":15}},"9":{"start":{"line":10,"column":0},"end":{"line":10,"column":1}}},"s":{"0":1,"1":2,"2":0,"3":0,"4":2,"5":2,"6":1,"7":1,"8":1,"9":1},"branchMap":{"0":{"type":"branch","line":1,"loc":{"start":{"line":1,"column":60},"end":{"line":6,"column":1}},"locations":[{"start":{"line":1,"column":60},"end":{"line":6,"column":1}}]},"1":{"type":"branch","line":2,"loc":{"start":{"line":2,"column":22},"end":{"line":4,"column":3}},"locations":[{"start":{"line":2,"column":22},"end":{"line":4,"column":3}}]},"2":{"type":"branch","line":8,"loc":{"start":{"line":8,"column":7},"end":{"line":10,"column":1}},"locations":[{"start":{"line":8,"column":7},"end":{"line":10,"column":1}}]}},"b":{"0":[2],"1":[0],"2":[1]},"fnMap":{"0":{"name":"addTwoNumbers","decl":{"start":{"line":1,"column":60},"end":{"line":6,"column":1}},"loc":{"start":{"line":1,"column":60},"end":{"line":6,"column":1}},"line":1},"1":{"name":"multiplayTwoNumbers","decl":{"start":{"line":8,"column":7},"end":{"line":10,"column":1}},"loc":{"start":{"line":8,"column":7},"end":{"line":10,"column":1}},"line":8}},"f":{"0":2,"1":1}}
}
